12:33:37 :: >>> INFO ===========================================================================================================
12:33:37 :: >>> INFO URL :: >>> https://youtu.be/VjiTfuMM9U0
12:33:37 :: >>> INFO Tags :: >>> {'Success': 'paro, paaro bhojpuri song, paro khesari lal shilpi raj, khesari lal yadav paro song, khesari lal yadav new song, khesari lal yadav song, khesari lal new song, shilpi raj bhojpuri song, shilpi raj new song 2022, latest bhojpuri song 2022, paro video song khesari lal yadav, khesari lal paro song, khesari lal yadav new song 2022, new song khesari lal, new bhojpuri song, namari pe ghaghari uth jaye de, khesari lal new song 2022, nathuniya, naya gana khesari ka, namari pe ghahgri'}
12:34:18 :: >>> INFO /home/sagar/Desktop/youtube_api/youtube_api/api/views.py changed, reloading.
12:34:28 :: >>> INFO ===========================================================================================================
12:34:28 :: >>> INFO URL :: >>> https://youtu.be/VjiTfuMM9U0
12:34:28 :: >>> INFO Tags :: >>> {'Success': 'paro, paaro bhojpuri song, paro khesari lal shilpi raj, khesari lal yadav paro song, khesari lal yadav new song, khesari lal yadav song, khesari lal new song, shilpi raj bhojpuri song, shilpi raj new song 2022, latest bhojpuri song 2022, paro video song khesari lal yadav, khesari lal paro song, khesari lal yadav new song 2022, new song khesari lal, new bhojpuri song, namari pe ghaghari uth jaye de, khesari lal new song 2022, nathuniya, naya gana khesari ka, namari pe ghahgri'}
12:43:03 :: >>> INFO /home/sagar/Desktop/youtube_api/youtube_api/api/views.py changed, reloading.
12:43:08 :: >>> INFO ===========================================================================================================
12:43:08 :: >>> INFO URL :: >>> https://youtu.be/VjiTfuMM9U0
12:43:08 :: >>> INFO Tags :: >>> {'Success': 'paro, paaro bhojpuri song, paro khesari lal shilpi raj, khesari lal yadav paro song, khesari lal yadav new song, khesari lal yadav song, khesari lal new song, shilpi raj bhojpuri song, shilpi raj new song 2022, latest bhojpuri song 2022, paro video song khesari lal yadav, khesari lal paro song, khesari lal yadav new song 2022, new song khesari lal, new bhojpuri song, namari pe ghaghari uth jaye de, khesari lal new song 2022, nathuniya, naya gana khesari ka, namari pe ghahgri'}
23:59:00 :: >>> WARNING ===========================================================================================================
23:59:00 :: >>> WARNING URL :: >>> lsajdndvkjfbva
23:59:00 :: >>> WARNING Error :: >>> {'Warning': 'No Tags Found'}
23:59:09 :: >>> INFO ===========================================================================================================
23:59:09 :: >>> INFO URL :: >>> https://youtu.be/D3wcVWvt2cc
23:59:09 :: >>> INFO Tags :: >>> {'Success': 'Background change from mobile, How to Change Photo Background on Mobile with Picsart, How to change background of pictures, How to change background of picsart photo studio, 12:17 HDR effect + Change Background | Color Grading | Picsart editing tutorial, How to Change Photo Background Tutorial in Android Phone[Picsart+youcam perfect], How to change background photo of picsart toturial, Change photo background in picsart'}
23:59:57 :: >>> INFO C:\Users\Mithun\Desktop\youtube_api\api\views.py changed, reloading.
00:00:03 :: >>> INFO URL :: >>> https://youtu.be/D3wcVWvt2cc
00:00:03 :: >>> INFO Tags :: >>> {'Success': 'Background change from mobile, How to Change Photo Background on Mobile with Picsart, How to change background of pictures, How to change background of picsart photo studio, 12:17 HDR effect + Change Background | Color Grading | Picsart editing tutorial, How to Change Photo Background Tutorial in Android Phone[Picsart+youcam perfect], How to change background photo of picsart toturial, Change photo background in picsart'}
00:05:25 :: >>> INFO C:\Users\Mithun\Desktop\youtube_api\api\urls.py changed, reloading.
20:30:23 :: >>> INFO URL :: >>> https://youtu.be/IoTL9xZOdP0
20:30:23 :: >>> INFO Tags :: >>> {'Success': 'CarryMinati, Carry, Indian, youtuber, roast, tarun gill maggie, tarun gill, TARUN GILL ROAST, MAGGIE, BODYBUILDING, 30 DAY TRANSFORATION, TROLLING CARRYMINATI, GYM FUNNY, carryminati roast thara bhai joginder, thara bhai joginder, TARUN GILL ROAST VIDEO, AB WORKOUT, carryminati new song'}
20:32:24 :: >>> INFO URL :: >>> https://youtu.be/IoTL9xZOdP0
20:32:24 :: >>> INFO Tags :: >>> {'Success': 'CarryMinati, Carry, Indian, youtuber, roast, tarun gill maggie, tarun gill, TARUN GILL ROAST, MAGGIE, BODYBUILDING, 30 DAY TRANSFORATION, TROLLING CARRYMINATI, GYM FUNNY, carryminati roast thara bhai joginder, thara bhai joginder, TARUN GILL ROAST VIDEO, AB WORKOUT, carryminati new song'}
20:32:27 :: >>> INFO URL :: >>> https://youtu.be/IoTL9xZOdP0
20:32:27 :: >>> INFO Tags :: >>> {'Success': 'CarryMinati, Carry, Indian, youtuber, roast, tarun gill maggie, tarun gill, TARUN GILL ROAST, MAGGIE, BODYBUILDING, 30 DAY TRANSFORATION, TROLLING CARRYMINATI, GYM FUNNY, carryminati roast thara bhai joginder, thara bhai joginder, TARUN GILL ROAST VIDEO, AB WORKOUT, carryminati new song'}
20:44:16 :: >>> INFO URL :: >>> https://youtu.be/IoTL9xZOdP0
20:44:16 :: >>> INFO Tags :: >>> {'Success': 'CarryMinati, Carry, Indian, youtuber, roast, tarun gill maggie, tarun gill, TARUN GILL ROAST, MAGGIE, BODYBUILDING, 30 DAY TRANSFORATION, TROLLING CARRYMINATI, GYM FUNNY, carryminati roast thara bhai joginder, thara bhai joginder, TARUN GILL ROAST VIDEO, AB WORKOUT, carryminati new song'}
20:45:41 :: >>> INFO URL :: >>> https://youtu.be/IoTL9xZOdP0
20:45:41 :: >>> INFO Tags :: >>> {'Success': 'CarryMinati, Carry, Indian, youtuber, roast, tarun gill maggie, tarun gill, TARUN GILL ROAST, MAGGIE, BODYBUILDING, 30 DAY TRANSFORATION, TROLLING CARRYMINATI, GYM FUNNY, carryminati roast thara bhai joginder, thara bhai joginder, TARUN GILL ROAST VIDEO, AB WORKOUT, carryminati new song'}
20:45:57 :: >>> INFO URL :: >>> https://youtu.be/IoTL9xZOdP0
20:45:57 :: >>> INFO Tags :: >>> {'Success': 'CarryMinati, Carry, Indian, youtuber, roast, tarun gill maggie, tarun gill, TARUN GILL ROAST, MAGGIE, BODYBUILDING, 30 DAY TRANSFORATION, TROLLING CARRYMINATI, GYM FUNNY, carryminati roast thara bhai joginder, thara bhai joginder, TARUN GILL ROAST VIDEO, AB WORKOUT, carryminati new song'}
20:46:14 :: >>> INFO URL :: >>> https://youtu.be/IoTL9xZOdP0
20:46:14 :: >>> INFO Tags :: >>> {'Success': 'CarryMinati, Carry, Indian, youtuber, roast, tarun gill maggie, tarun gill, TARUN GILL ROAST, MAGGIE, BODYBUILDING, 30 DAY TRANSFORATION, TROLLING CARRYMINATI, GYM FUNNY, carryminati roast thara bhai joginder, thara bhai joginder, TARUN GILL ROAST VIDEO, AB WORKOUT, carryminati new song'}
20:47:08 :: >>> INFO URL :: >>> https://youtu.be/IoTL9xZOdP0
20:47:08 :: >>> INFO Tags :: >>> {'Success': 'CarryMinati, Carry, Indian, youtuber, roast, tarun gill maggie, tarun gill, TARUN GILL ROAST, MAGGIE, BODYBUILDING, 30 DAY TRANSFORATION, TROLLING CARRYMINATI, GYM FUNNY, carryminati roast thara bhai joginder, thara bhai joginder, TARUN GILL ROAST VIDEO, AB WORKOUT, carryminati new song'}
20:50:59 :: >>> INFO URL :: >>> https://youtu.be/IoTL9xZOdP0
20:50:59 :: >>> INFO Tags :: >>> {'Success': 'CarryMinati, Carry, Indian, youtuber, roast, tarun gill maggie, tarun gill, TARUN GILL ROAST, MAGGIE, BODYBUILDING, 30 DAY TRANSFORATION, TROLLING CARRYMINATI, GYM FUNNY, carryminati roast thara bhai joginder, thara bhai joginder, TARUN GILL ROAST VIDEO, AB WORKOUT, carryminati new song'}
20:52:27 :: >>> INFO URL :: >>> https://youtu.be/IoTL9xZOdP0
20:52:27 :: >>> INFO Tags :: >>> {'Success': 'CarryMinati, Carry, Indian, youtuber, roast, tarun gill maggie, tarun gill, TARUN GILL ROAST, MAGGIE, BODYBUILDING, 30 DAY TRANSFORATION, TROLLING CARRYMINATI, GYM FUNNY, carryminati roast thara bhai joginder, thara bhai joginder, TARUN GILL ROAST VIDEO, AB WORKOUT, carryminati new song'}
23:15:19 :: >>> INFO URL :: >>> https://youtu.be/S3Dpfyc15qQ
23:15:19 :: >>> INFO Tags :: >>> {'Success': '#FreeIntroMusic #Nocopyright'}
23:21:50 :: >>> INFO URL :: >>> https://youtu.be/tWJ2mO9vhDQ
23:21:50 :: >>> INFO Tags :: >>> {'Success': 'new reality show, business, SET india, latest show on sony, upcoming show on sony SET, shark tank india, business related show, shark tank india best pitches, businessman reality show, business related shows on sony SET, family show, business reality show, huge business ideas, Shark Tank, set india shark tank, anupam shark tank, anupam mittal, shark tank india show, new product, shark namita, shark tank pitches, shark anupam, shark aman, shark peyush, kineer shark tank'}
23:24:07 :: >>> INFO URL :: >>> https://youtu.be/tWJ2mO9vhDQ
23:24:07 :: >>> INFO Tags :: >>> {'Success': 'new reality show, business, SET india, latest show on sony, upcoming show on sony SET, shark tank india, business related show, shark tank india best pitches, businessman reality show, business related shows on sony SET, family show, business reality show, huge business ideas, Shark Tank, set india shark tank, anupam shark tank, anupam mittal, shark tank india show, new product, shark namita, shark tank pitches, shark anupam, shark aman, shark peyush, kineer shark tank'}
23:26:05 :: >>> INFO URL :: >>> https://youtu.be/tWJ2mO9vhDQ
23:26:05 :: >>> INFO Tags :: >>> {'Success': 'new reality show, business, SET india, latest show on sony, upcoming show on sony SET, shark tank india, business related show, shark tank india best pitches, businessman reality show, business related shows on sony SET, family show, business reality show, huge business ideas, Shark Tank, set india shark tank, anupam shark tank, anupam mittal, shark tank india show, new product, shark namita, shark tank pitches, shark anupam, shark aman, shark peyush, kineer shark tank'}
23:27:49 :: >>> INFO URL :: >>> https://youtu.be/tWJ2mO9vhDQ
23:27:49 :: >>> INFO Tags :: >>> {'Success': 'new reality show, business, SET india, latest show on sony, upcoming show on sony SET, shark tank india, business related show, shark tank india best pitches, businessman reality show, business related shows on sony SET, family show, business reality show, huge business ideas, Shark Tank, set india shark tank, anupam shark tank, anupam mittal, shark tank india show, new product, shark namita, shark tank pitches, shark anupam, shark aman, shark peyush, kineer shark tank'}
23:32:33 :: >>> INFO URL :: >>> https://youtu.be/tWJ2mO9vhDQ
23:32:33 :: >>> INFO Tags :: >>> {'Success': 'new reality show, business, SET india, latest show on sony, upcoming show on sony SET, shark tank india, business related show, shark tank india best pitches, businessman reality show, business related shows on sony SET, family show, business reality show, huge business ideas, Shark Tank, set india shark tank, anupam shark tank, anupam mittal, shark tank india show, new product, shark namita, shark tank pitches, shark anupam, shark aman, shark peyush, kineer shark tank'}
23:40:18 :: >>> INFO URL :: >>> https://youtu.be/tWJ2mO9vhDQ
23:40:18 :: >>> INFO Tags :: >>> {'Success': 'new reality show, business, SET india, latest show on sony, upcoming show on sony SET, shark tank india, business related show, shark tank india best pitches, businessman reality show, business related shows on sony SET, family show, business reality show, huge business ideas, Shark Tank, set india shark tank, anupam shark tank, anupam mittal, shark tank india show, new product, shark namita, shark tank pitches, shark anupam, shark aman, shark peyush, kineer shark tank'}
23:47:43 :: >>> INFO URL :: >>> https://youtu.be/tWJ2mO9vhDQ
23:47:43 :: >>> INFO Tags :: >>> {'Success': 'new reality show, business, SET india, latest show on sony, upcoming show on sony SET, shark tank india, business related show, shark tank india best pitches, businessman reality show, business related shows on sony SET, family show, business reality show, huge business ideas, Shark Tank, set india shark tank, anupam shark tank, anupam mittal, shark tank india show, new product, shark namita, shark tank pitches, shark anupam, shark aman, shark peyush, kineer shark tank'}
23:50:52 :: >>> INFO URL :: >>> https://youtu.be/tWJ2mO9vhDQ
23:50:52 :: >>> INFO Tags :: >>> {'Success': 'new reality show, business, SET india, latest show on sony, upcoming show on sony SET, shark tank india, business related show, shark tank india best pitches, businessman reality show, business related shows on sony SET, family show, business reality show, huge business ideas, Shark Tank, set india shark tank, anupam shark tank, anupam mittal, shark tank india show, new product, shark namita, shark tank pitches, shark anupam, shark aman, shark peyush, kineer shark tank'}
23:54:15 :: >>> INFO URL :: >>> https://youtu.be/tWJ2mO9vhDQ
23:54:15 :: >>> INFO Tags :: >>> {'Success': 'new reality show, business, SET india, latest show on sony, upcoming show on sony SET, shark tank india, business related show, shark tank india best pitches, businessman reality show, business related shows on sony SET, family show, business reality show, huge business ideas, Shark Tank, set india shark tank, anupam shark tank, anupam mittal, shark tank india show, new product, shark namita, shark tank pitches, shark anupam, shark aman, shark peyush, kineer shark tank'}
